<?xml version="1.0" encoding="UTF-8"?>
<testsuite name="SILab2Test" tests="1" skipped="0" failures="0" errors="0" timestamp="2020-06-13T18:42:43" hostname="DESKTOP-FDIUMPS" time="0.014">
  <properties/>
  <testcase name="EveryStatement" classname="SILab2Test" time="0.014"/>
  <system-out><![CDATA[]]></system-out>
  <system-err><![CDATA[]]></system-err>
</testsuite>
